Arguments: 
  /usr/local/bin/node /usr/local/Cellar/yarn/1.5.1_1/libexec/bin/yarn.js add --dev webpack-dev-server@2.11.2

PATH: 
  /Users/Muffin/.rvm/gems/ruby-2.3.1/bin:/Users/Muffin/.rvm/gems/ruby-2.3.1@global/bin:/Users/Muffin/.rvm/rubies/ruby-2.3.1/bin:/usr/local/bin:/usr/bin:/bin:/usr/sbin:/sbin:/opt/X11/bin:/usr/local/git/bin:/Users/Muffin/.rvm/bin

Yarn version: 
  1.5.1

Node version: 
  8.1.4

Platform: 
  darwin x64

npm manifest: 
  {
    "name": "decreation",
    "private": true,
    "dependencies": {
      "@babel/core": "^7.0.0-beta.52",
      "@babel/preset-env": "^7.0.0-beta.52",
      "babel-loader": "^8.0.0-beta.4",
      "react": "^16.4.1"
    },
    "scripts": {
      "heroku-postbuild": "./node_modules/.bin/webpack --config webpack.prod.config.js",
      "dev": "./node_modules/.bin/webpack --watch"
    },
    "devDependencies": {
      "@webpack-contrib/config-loader": "^1.2.1",
      "webpack": "^4.15.1",
      "webpack-command": "^0.4.1"
    }
  }

yarn manifest: 
  No manifest

Lockfile: 
  No lockfile

Trace: 
  Error: Found incompatible module
      at new MessageError (/usr/local/Cellar/yarn/1.5.1_1/libexec/lib/cli.js:186:110)
      at checkOne (/usr/local/Cellar/yarn/1.5.1_1/libexec/lib/cli.js:62444:11)
      at Object.check (/usr/local/Cellar/yarn/1.5.1_1/libexec/lib/cli.js:62463:5)
      at /usr/local/Cellar/yarn/1.5.1_1/libexec/lib/cli.js:22803:73
      at Generator.next (<anonymous>)
      at step (/usr/local/Cellar/yarn/1.5.1_1/libexec/lib/cli.js:98:30)
      at /usr/local/Cellar/yarn/1.5.1_1/libexec/lib/cli.js:109:13
      at <anonymous>
